<?xml version="1.0" encoding="UTF-8"?>
<testng-results ignored="0" total="1" passed="1" failed="0" skipped="0">
  <reporter-output>
  </reporter-output>
  <suite started-at="2024-07-09T16:32:24 IST" name="Default suite" finished-at="2024-07-09T16:32:33 IST" duration-ms="8318">
    <groups>
    </groups>
    <test started-at="2024-07-09T16:32:24 IST" name="Default test" finished-at="2024-07-09T16:32:33 IST" duration-ms="8318">
      <class name="HTTPRequests.PostRequest">
        <test-method signature="createUser()[pri:0, instance:HTTPRequests.PostRequest@7db12bb6]" started-at="2024-07-09T16:32:25 IST" name="createUser" finished-at="2024-07-09T16:32:33 IST" duration-ms="8208" status="PASS">
          <reporter-output>
          </reporter-output>
        </test-method> <!-- createUser -->
      </class> <!-- HTTPRequests.PostRequest -->
    </test> <!-- Default test -->
  </suite> <!-- Default suite -->
</testng-results>
