<?xml version="1.0" encoding="UTF-8"?>
<testng-results ignored="0" total="1" passed="1" failed="0" skipped="0">
  <reporter-output>
  </reporter-output>
  <suite started-at="2024-07-09T15:44:00 IST" name="Default suite" finished-at="2024-07-09T15:44:05 IST" duration-ms="5152">
    <groups>
    </groups>
    <test started-at="2024-07-09T15:44:00 IST" name="Default test" finished-at="2024-07-09T15:44:05 IST" duration-ms="5152">
      <class name="HTTPRequests.GetRequests">
        <test-method signature="getUsers()[pri:0, instance:HTTPRequests.GetRequests@7db12bb6]" started-at="2024-07-09T15:44:00 IST" name="getUsers" finished-at="2024-07-09T15:44:05 IST" duration-ms="5054" status="PASS">
          <reporter-output>
          </reporter-output>
        </test-method> <!-- getUsers -->
      </class> <!-- HTTPRequests.GetRequests -->
    </test> <!-- Default test -->
  </suite> <!-- Default suite -->
</testng-results>
